<?xml version="1.0" encoding="UTF-8"?>
<!-- Generated by org.testng.reporters.JUnitReportReporter -->
<testsuite hostname="TazinsPc" failures="0" tests="4" name="com.smarttech.runner.FeatureRunner" time="28.732" errors="4" timestamp="13 May 2023 20:11:55 GMT" skipped="0">
  <testcase classname="com.smarttech.runner.FeatureRunner" name="runScenario" time="10.225">
    <error message="Cannot invoke &quot;org.openqa.selenium.WebDriver.findElement(org.openqa.selenium.By)&quot; because &quot;com.smarttechqa.stepdef.NegativeLoginStepDefinition.driver&quot; is null" type="java.lang.NullPointerException">
      <![CDATA[java.lang.NullPointerException: Cannot invoke "org.openqa.selenium.WebDriver.findElement(org.openqa.selenium.By)" because "com.smarttechqa.stepdef.NegativeLoginStepDefinition.driver" is null
at com.smarttechqa.stepdef.NegativeLoginStepDefinition.i_click_on_the_sign_in_button_on_homepage(NegativeLoginStepDefinition.java:25)
at ✽.I click on the sign in button on homepage(file:///C:/Users/tazin/git/repository/Techshop_Project/Features/NegativeTestingLogin.feature:7)
]]>
    </error>
  </testcase> <!-- runScenario -->
  <testcase classname="com.smarttech.runner.FeatureRunner" name="runScenario" time="3.032">
    <error message="Cannot invoke &quot;org.openqa.selenium.WebDriver.findElement(org.openqa.selenium.By)&quot; because &quot;com.smarttechqa.stepdef.NegativeLoginStepDefinition.driver&quot; is null" type="java.lang.NullPointerException">
      <![CDATA[java.lang.NullPointerException: Cannot invoke "org.openqa.selenium.WebDriver.findElement(org.openqa.selenium.By)" because "com.smarttechqa.stepdef.NegativeLoginStepDefinition.driver" is null
at com.smarttechqa.stepdef.NegativeLoginStepDefinition.i_click_on_the_sign_in_button_on_homepage(NegativeLoginStepDefinition.java:25)
at ✽.I click on the sign in button on homepage(file:///C:/Users/tazin/git/repository/Techshop_Project/Features/NegativeTestingLogin.feature:7)
]]>
    </error>
  </testcase> <!-- runScenario -->
  <testcase classname="com.smarttech.runner.FeatureRunner" name="runScenario" time="2.775">
    <error message="Cannot invoke &quot;org.openqa.selenium.WebDriver.findElement(org.openqa.selenium.By)&quot; because &quot;com.smarttechqa.stepdef.NegativeLoginStepDefinition.driver&quot; is null" type="java.lang.NullPointerException">
      <![CDATA[java.lang.NullPointerException: Cannot invoke "org.openqa.selenium.WebDriver.findElement(org.openqa.selenium.By)" because "com.smarttechqa.stepdef.NegativeLoginStepDefinition.driver" is null
at com.smarttechqa.stepdef.NegativeLoginStepDefinition.i_click_on_the_sign_in_button_on_homepage(NegativeLoginStepDefinition.java:25)
at ✽.I click on the sign in button on homepage(file:///C:/Users/tazin/git/repository/Techshop_Project/Features/NegativeTestingLogin.feature:7)
]]>
    </error>
  </testcase> <!-- runScenario -->
  <testcase classname="com.smarttech.runner.FeatureRunner" name="runScenario" time="12.700">
    <error message="Cannot invoke &quot;org.openqa.selenium.WebDriver.findElement(org.openqa.selenium.By)&quot; because &quot;com.smarttechqa.stepdef.NegativeLoginStepDefinition.driver&quot; is null" type="java.lang.NullPointerException">
      <![CDATA[java.lang.NullPointerException: Cannot invoke "org.openqa.selenium.WebDriver.findElement(org.openqa.selenium.By)" because "com.smarttechqa.stepdef.NegativeLoginStepDefinition.driver" is null
at com.smarttechqa.stepdef.NegativeLoginStepDefinition.i_click_on_the_sign_in_button_on_homepage(NegativeLoginStepDefinition.java:25)
at ✽.I click on the sign in button on homepage(file:///C:/Users/tazin/git/repository/Techshop_Project/Features/NegativeTestingLogin.feature:7)
]]>
    </error>
  </testcase> <!-- runScenario -->
</testsuite> <!-- com.smarttech.runner.FeatureRunner -->
